<?xml version="1.0" encoding="UTF-8"?>
<!-- Generated by org.testng.reporters.JUnitXMLReporter -->
<testsuite hostname="LDCHOWN-58692" ignored="0" name="Default test" tests="2" failures="2" timestamp="2023-04-08T11:40:42 IST" time="53.283" errors="0">
  <testcase name="runScenario" time="26.586" classname="io.cucumber.testng.AbstractTestNGCucumberTests">
    <failure type="java.lang.IndexOutOfBoundsException" message="Index: 0, Size: 0">
      <![CDATA[java.lang.IndexOutOfBoundsException: Index: 0, Size: 0
at java.util.ArrayList.rangeCheck(ArrayList.java:659)
at java.util.ArrayList.get(ArrayList.java:435)
at com.vcentry.lab.pages.ProductListPage.getFirstProductName(ProductListPage.java:12)
at com.vcentry.lab.testCases.SearchProduct.verifyTheListOfContents(SearchProduct.java:18)
at ✽.verify the list of contents(file:///C:/Batch%20256/X1_BDD%20(CucumberTestNgWebDriver)/src/test/resources/features/order.feature:12)
]]>
    </failure>
  </testcase> <!-- runScenario -->
  <testcase name="runScenario" time="26.117" classname="io.cucumber.testng.AbstractTestNGCucumberTests">
    <failure type="java.lang.NullPointerException">
      <![CDATA[java.lang.NullPointerException
at com.vcentry.lab.pages.DetailsPage.getProductName(DetailsPage.java:8)
at com.vcentry.lab.testCases.PlaceOrder.verifyTheFirstProductNameAndPriceInDetailsPage(PlaceOrder.java:30)
at ✽.verify the first product name and price in details page(file:///C:/Batch%20256/X1_BDD%20(CucumberTestNgWebDriver)/src/test/resources/features/order.feature:19)
]]>
    </failure>
  </testcase> <!-- runScenario -->
</testsuite> <!-- Default test -->
