<?xml version="1.0" encoding="UTF-8"?>
<testng-results skipped="0" failed="0" ignored="0" total="1" passed="1">
  <reporter-output>
    <line>
      <![CDATA[Test case pass]]>
    </line>
    <line>
      <![CDATA[Test case pass]]>
    </line>
    <line>
      <![CDATA[Test case pass]]>
    </line>
    <line>
      <![CDATA[Test case pass]]>
    </line>
    <line>
      <![CDATA[Test case pass]]>
    </line>
    <line>
      <![CDATA[Test case pass]]>
    </line>
    <line>
      <![CDATA[Test case pass]]>
    </line>
    <line>
      <![CDATA[Test case pass]]>
    </line>
    <line>
      <![CDATA[Test case pass]]>
    </line>
    <line>
      <![CDATA[Test case pass]]>
    </line>
    <line>
      <![CDATA[Test case pass]]>
    </line>
    <line>
      <![CDATA[Test case pass]]>
    </line>
    <line>
      <![CDATA[Test case pass]]>
    </line>
    <line>
      <![CDATA[Test case pass]]>
    </line>
    <line>
      <![CDATA[Test case pass]]>
    </line>
  </reporter-output>
  <suite name="Default suite" duration-ms="39078" started-at="2023-05-07T15:42:22 IST" finished-at="2023-05-07T15:43:01 IST">
    <groups>
      <group name="cucumber">
        <method signature="AbstractTestNGCucumberTests.runScenario(io.cucumber.testng.PickleWrapper,io.cucumber.testng.FeatureWrapper)[pri:0, instance:com.vcentry.lab.runner.MakeMyTripRunner@27d415d9]" name="runScenario" class="io.cucumber.testng.AbstractTestNGCucumberTests"/>
      </group> <!-- cucumber -->
    </groups>
    <test name="Default test" duration-ms="39078" started-at="2023-05-07T15:42:22 IST" finished-at="2023-05-07T15:43:01 IST">
      <class name="com.vcentry.lab.runner.MakeMyTripRunner">
        <test-method status="PASS" signature="setUpClass(org.testng.ITestContext)[pri:0, instance:com.vcentry.lab.runner.MakeMyTripRunner@27d415d9]" name="setUpClass" is-config="true" duration-ms="828" started-at="2023-05-07T15:42:22 IST" finished-at="2023-05-07T15:42:23 IST">
          <params>
            <param index="0">
              <value>
                <![CDATA[org.testng.TestRunner@3f1a4795]]>
              </value>
            </param>
          </params>
          <reporter-output>
          </reporter-output>
        </test-method> <!-- setUpClass -->
        <test-method status="PASS" signature="runScenario(io.cucumber.testng.PickleWrapper,io.cucumber.testng.FeatureWrapper)[pri:0, instance:com.vcentry.lab.runner.MakeMyTripRunner@27d415d9]" name="runScenario" duration-ms="37693" started-at="2023-05-07T15:42:23 IST" description="Runs Cucumber Scenarios" data-provider="scenarios" finished-at="2023-05-07T15:43:01 IST">
          <params>
            <param index="0">
              <value>
                <![CDATA["validate the roundtrip from chennai to delhi flight ticket booking"]]>
              </value>
            </param>
            <param index="1">
              <value>
                <![CDATA["make my trip flight ticket booking"]]>
              </value>
            </param>
          </params>
          <reporter-output>
            <line>
              <![CDATA[Test case pass]]>
            </line>
            <line>
              <![CDATA[Test case pass]]>
            </line>
            <line>
              <![CDATA[Test case pass]]>
            </line>
            <line>
              <![CDATA[Test case pass]]>
            </line>
            <line>
              <![CDATA[Test case pass]]>
            </line>
            <line>
              <![CDATA[Test case pass]]>
            </line>
            <line>
              <![CDATA[Test case pass]]>
            </line>
            <line>
              <![CDATA[Test case pass]]>
            </line>
            <line>
              <![CDATA[Test case pass]]>
            </line>
            <line>
              <![CDATA[Test case pass]]>
            </line>
            <line>
              <![CDATA[Test case pass]]>
            </line>
            <line>
              <![CDATA[Test case pass]]>
            </line>
            <line>
              <![CDATA[Test case pass]]>
            </line>
            <line>
              <![CDATA[Test case pass]]>
            </line>
            <line>
              <![CDATA[Test case pass]]>
            </line>
          </reporter-output>
        </test-method> <!-- runScenario -->
        <test-method status="PASS" signature="tearDownClass()[pri:0, instance:com.vcentry.lab.runner.MakeMyTripRunner@27d415d9]" name="tearDownClass" is-config="true" duration-ms="477" started-at="2023-05-07T15:43:01 IST" finished-at="2023-05-07T15:43:01 IST">
          <reporter-output>
          </reporter-output>
        </test-method> <!-- tearDownClass -->
      </class> <!-- com.vcentry.lab.runner.MakeMyTripRunner -->
    </test> <!-- Default test -->
  </suite> <!-- Default suite -->
</testng-results>
